[debug] [2022-02-17T20:48:23.599Z] ----------------------------------------------------------------------
[debug] [2022-02-17T20:48:23.601Z] Command:       /usr/local/bin/node /usr/local/bin/firebase init hosting:github
[debug] [2022-02-17T20:48:23.602Z] CLI Version:   10.1.5
[debug] [2022-02-17T20:48:23.602Z] Platform:      darwin
[debug] [2022-02-17T20:48:23.602Z] Node Version:  v16.14.0
[debug] [2022-02-17T20:48:23.603Z] Time:          Thu Feb 17 2022 22:48:23 GMT+0200 (Eastern European Standard Time)
[debug] [2022-02-17T20:48:23.603Z] ----------------------------------------------------------------------
[debug] 
[debug] [2022-02-17T20:48:23.652Z] > command requires scopes: ["email","openid","https://www.googleapis.com/auth/cloudplatformprojects.readonly","https://www.googleapis.com/auth/firebase","https://www.googleapis.com/auth/cloud-platform"]
[debug] [2022-02-17T20:48:23.652Z] > authorizing via signed-in user (freenikita95@gmail.com)
[info] 
     ######## #### ########  ######## ########     ###     ######  ########
     ##        ##  ##     ## ##       ##     ##  ##   ##  ##       ##
     ######    ##  ########  ######   ########  #########  ######  ######
     ##        ##  ##    ##  ##       ##     ## ##     ##       ## ##
     ##       #### ##     ## ######## ########  ##     ##  ######  ########

You're about to initialize a Firebase project in this directory:

  /Users/nikitakurochka/Projects/web

Before we get started, keep in mind:

  * You are initializing within an existing Firebase project directory

[info] 
=== Project Setup
[info] 
[info] First, let's associate this project directory with a Firebase project.
[info] You can create multiple project aliases by running firebase use --add, 
[info] but for now we'll just set up a default project.
[info] 
[debug] [2022-02-17T20:48:23.655Z] Using project from CLI flag: notification-mob
[debug] [2022-02-17T20:48:23.657Z] >>> [apiv2][query] GET https://firebase.googleapis.com/v1beta1/projects/notification-mob [none]
[debug] [2022-02-17T20:48:23.973Z] <<< [apiv2][status] GET https://firebase.googleapis.com/v1beta1/projects/notification-mob 200
[debug] [2022-02-17T20:48:23.974Z] <<< [apiv2][body] GET https://firebase.googleapis.com/v1beta1/projects/notification-mob {"projectId":"notification-mob","projectNumber":"136916103479","displayName":"Notification-mob","name":"projects/notification-mob","resources":{"hostingSite":"notification-mob","realtimeDatabaseInstance":"notification-mob-default-rtdb","storageBucket":"notification-mob.appspot.com","locationId":"europe-west"},"state":"ACTIVE"}
[info] i  Using project notification-mob (Notification-mob) 
[info] 
=== Hosting:github Setup
[info] 
[info] i  Detected a .git folder at /Users/nikitakurochka/Projects/web 
[info] i  Authorizing with GitHub to upload your service account to a GitHub repository's secrets store. 
[info] 
[info] Visit this URL on this device to log in:
[info] https://github.com/login/oauth/authorize?client_id=89cf50f02ac6aaed3484&state=162679813&redirect_uri=http%3A%2F%2Flocalhost%3A9005&scope=read%3Auser%20repo%20public_repo
[info] 
[info] Waiting for authentication...
[debug] [2022-02-17T20:48:24.704Z] >>> HTTP REQUEST POST https://github.com/login/oauth/access_token  
 {"client_id":"89cf50f02ac6aaed3484","client_secret":"3330d14abc895d9a74d5f17cd7a00711fa2c5bf0","code":"3b49444e7a90b5f97a3d","redirect_uri":"http://localhost:9005","state":"162679813"}
[debug] [2022-02-17T20:48:25.530Z] <<< HTTP RESPONSE 200 {"server":"GitHub.com","date":"Thu, 17 Feb 2022 20:48:25 GMT","content-type":"application/json; charset=utf-8","transfer-encoding":"chunked","vary":"X-PJAX, X-PJAX-Container, Accept-Encoding, Accept, X-Requested-With","permissions-policy":"interest-cohort=()","etag":"W/\"9de8a3f56c6d8743a7494c5992e5f51c\"","cache-control":"max-age=0, private, must-revalidate","strict-transport-security":"max-age=31536000; includeSubdomains; preload","x-frame-options":"deny","x-content-type-options":"nosniff","x-xss-protection":"0","referrer-policy":"origin-when-cross-origin, strict-origin-when-cross-origin","expect-ct":"max-age=2592000, report-uri=\"https://api.github.com/_private/browser/errors\"","content-security-policy":"default-src 'none'; base-uri 'self'; block-all-mixed-content; child-src github.com/assets-cdn/worker/ gist.github.com/assets-cdn/worker/; connect-src 'self' uploads.github.com objects-origin.githubusercontent.com www.githubstatus.com collector.githubapp.com collector.github.com api.github.com github-cloud.s3.amazonaws.com github-production-repository-file-5c1aeb.s3.amazonaws.com github-production-upload-manifest-file-7fdce7.s3.amazonaws.com github-production-user-asset-6210df.s3.amazonaws.com cdn.optimizely.com logx.optimizely.com/v1/events translator.github.com wss://alive.github.com; font-src github.githubassets.com; form-action 'self' github.com gist.github.com objects-origin.githubusercontent.com; frame-ancestors 'none'; frame-src render.githubusercontent.com viewscreen.githubusercontent.com notebooks.githubusercontent.com; img-src 'self' data: github.githubassets.com identicons.github.com collector.githubapp.com collector.github.com github-cloud.s3.amazonaws.com secured-user-images.githubusercontent.com/ *.githubusercontent.com; manifest-src 'self'; media-src github.com user-images.githubusercontent.com/; script-src github.githubassets.com; style-src 'unsafe-inline' github.githubassets.com; worker-src github.com/assets-cdn/worker/ gist.github.com/assets-cdn/worker/","x-github-request-id":"FFD8:12E0B:3053C1C:32C53C1:620EB499"}
[debug] [2022-02-17T20:48:25.533Z] >>> [apiv2][query] GET https://api.github.com/user [none]
[debug] [2022-02-17T20:48:25.995Z] <<< [apiv2][status] GET https://api.github.com/user 200
[debug] [2022-02-17T20:48:25.995Z] <<< [apiv2][body] GET https://api.github.com/user {"login":"FreeNikita","id":17965854,"node_id":"MDQ6VXNlcjE3OTY1ODU0","avatar_url":"https://avatars.githubusercontent.com/u/17965854?v=4","gravatar_id":"","url":"https://api.github.com/users/FreeNikita","html_url":"https://github.com/FreeNikita","followers_url":"https://api.github.com/users/FreeNikita/followers","following_url":"https://api.github.com/users/FreeNikita/following{/other_user}","gists_url":"https://api.github.com/users/FreeNikita/gists{/gist_id}","starred_url":"https://api.github.com/users/FreeNikita/starred{/owner}{/repo}","subscriptions_url":"https://api.github.com/users/FreeNikita/subscriptions","organizations_url":"https://api.github.com/users/FreeNikita/orgs","repos_url":"https://api.github.com/users/FreeNikita/repos","events_url":"https://api.github.com/users/FreeNikita/events{/privacy}","received_events_url":"https://api.github.com/users/FreeNikita/received_events","type":"User","site_admin":false,"name":"Nikita Kurochka","company":"DataArt","blog":"https://www.linkedin.com/in/freenikita/","location":"Kiev","email":"Freenikita95@gmail.com","hireable":null,"bio":null,"twitter_username":"NikitaKurochka","public_repos":27,"public_gists":0,"followers":7,"following":9,"created_at":"2016-03-20T16:01:48Z","updated_at":"2022-02-15T22:23:46Z","private_gists":0,"total_private_repos":2,"owned_private_repos":2,"disk_usage":205423,"collaborators":1,"two_factor_authentication":false,"plan":{"name":"free","space":976562499,"collaborators":0,"private_repos":10000}}
[info] 
[info] ✔  Success! Logged into GitHub as FreeNikita 
[info] 
